2023-04-03 10:11:04,393 django.utils.autoreload INFO     Watching for file changes with StatReloader
2023-04-03 10:11:04,594 crud.views   DEBUG    Test!!
2023-04-03 10:12:11,557 django.utils.autoreload INFO     E:\Новая папка\Ugib\ugib\crud\views.py changed, reloading.
2023-04-03 10:12:12,197 django.utils.autoreload INFO     Watching for file changes with StatReloader
2023-04-03 10:12:19,110 django.utils.autoreload INFO     E:\Новая папка\Ugib\ugib\crud\views.py changed, reloading.
2023-04-03 10:12:19,802 django.utils.autoreload INFO     Watching for file changes with StatReloader
2023-04-03 10:12:28,517 django.utils.autoreload INFO     E:\Новая папка\Ugib\ugib\crud\views.py changed, reloading.
2023-04-03 10:12:29,048 django.utils.autoreload INFO     Watching for file changes with StatReloader
2023-04-03 10:12:43,063 django.utils.autoreload INFO     E:\Новая папка\Ugib\ugib\crud\views.py changed, reloading.
2023-04-03 10:12:43,589 django.utils.autoreload INFO     Watching for file changes with StatReloader
2023-04-03 10:12:43,790 crud.views   INFO     Load <class 'crud.models.UdsMeta'> page
2023-04-03 10:13:22,682 django.utils.autoreload INFO     E:\Новая папка\Ugib\ugib\crud\views.py changed, reloading.
2023-04-03 10:13:23,286 django.utils.autoreload INFO     Watching for file changes with StatReloader
2023-04-03 10:13:23,502 crud.views   INFO     Load <class 'crud.models.UdsMeta'> page
2023-04-03 10:13:34,701 django.utils.autoreload INFO     E:\Новая папка\Ugib\ugib\crud\views.py changed, reloading.
2023-04-03 10:13:35,308 django.utils.autoreload INFO     Watching for file changes with StatReloader
2023-04-03 10:13:35,532 crud.views   INFO     Load <class 'crud.models.UdsMeta'> page
2023-04-03 10:13:58,646 django.utils.autoreload INFO     E:\Новая папка\Ugib\ugib\crud\views.py changed, reloading.
2023-04-03 10:13:59,205 django.utils.autoreload INFO     Watching for file changes with StatReloader
2023-04-03 10:13:59,423 crud.views   INFO     Load <class 'crud.models.UdsMeta'> page
2023-04-03 10:14:31,873 django.utils.autoreload INFO     E:\Новая папка\Ugib\ugib\crud\views.py changed, reloading.
2023-04-03 10:14:32,429 django.utils.autoreload INFO     Watching for file changes with StatReloader
2023-04-03 10:14:32,625 crud.views   INFO     Load <class 'crud.models.UdsMeta'> page
2023-04-03 10:14:59,869 django.utils.autoreload INFO     E:\Новая папка\Ugib\ugib\crud\views.py changed, reloading.
2023-04-03 10:15:00,424 django.utils.autoreload INFO     Watching for file changes with StatReloader
2023-04-03 10:15:00,639 crud.views   INFO     Load <class 'crud.models.UdsMeta'> page
2023-04-03 10:15:32,081 django.utils.autoreload INFO     E:\Новая папка\Ugib\ugib\crud\views.py changed, reloading.
2023-04-03 10:15:32,639 django.utils.autoreload INFO     Watching for file changes with StatReloader
2023-04-03 10:15:32,845 crud.views   INFO     Load <class 'crud.models.UdsMeta'> page
2023-04-03 10:16:17,199 django.utils.autoreload INFO     E:\Новая папка\Ugib\ugib\crud\views.py changed, reloading.
2023-04-03 10:16:17,755 django.utils.autoreload INFO     Watching for file changes with StatReloader
2023-04-03 10:16:17,949 crud.views   INFO     Load <class 'crud.models.UdsMeta'> page
2023-04-03 10:16:38,876 django.utils.autoreload INFO     E:\Новая папка\Ugib\ugib\crud\views.py changed, reloading.
2023-04-03 10:16:39,482 django.utils.autoreload INFO     Watching for file changes with StatReloader
2023-04-03 10:16:39,688 crud.views   INFO     Load <class 'crud.models.UdsMeta'> page
2023-04-03 10:17:02,619 django.utils.autoreload INFO     E:\Новая папка\Ugib\ugib\crud\views.py changed, reloading.
2023-04-03 10:17:03,203 django.utils.autoreload INFO     Watching for file changes with StatReloader
2023-04-03 10:17:03,412 crud.views   INFO     Load <class 'crud.models.UdsMeta'> page
2023-04-03 10:17:15,609 django.utils.autoreload INFO     E:\Новая папка\Ugib\ugib\crud\views.py changed, reloading.
2023-04-03 10:17:16,170 django.utils.autoreload INFO     Watching for file changes with StatReloader
2023-04-03 10:17:16,393 crud.views   INFO     Load <class 'crud.models.UdsMeta'> page
2023-04-03 10:17:23,320 django.utils.autoreload INFO     E:\Новая папка\Ugib\ugib\crud\views.py changed, reloading.
2023-04-03 10:17:23,881 django.utils.autoreload INFO     Watching for file changes with StatReloader
2023-04-03 10:17:24,083 crud.views   INFO     Load <class 'crud.models.UdsMeta'> page
2023-04-03 10:22:48,780 django.utils.autoreload INFO     E:\Новая папка\Ugib\ugib\ugib\settings.py changed, reloading.
2023-04-03 10:22:58,763 django.utils.autoreload INFO     Watching for file changes with StatReloader
2023-04-03 10:22:58,949 crud.views   INFO     Load <class 'crud.models.UdsMeta'> page
2023-04-03 10:23:03,799 django.utils.autoreload INFO     E:\Новая папка\Ugib\ugib\ugib\settings.py changed, reloading.
2023-04-03 10:23:13,578 django.utils.autoreload INFO     Watching for file changes with StatReloader
2023-04-03 10:23:13,780 crud.views   INFO     Load <class 'crud.models.UdsMeta'> page
2023-04-03 10:25:21,807 django.utils.autoreload INFO     E:\Новая папка\Ugib\ugib\ugib\settings.py changed, reloading.
2023-04-03 10:25:22,809 django.utils.autoreload INFO     Watching for file changes with StatReloader
2023-04-03 10:25:23,116 crud.views   INFO     Load <class 'crud.models.UdsMeta'> page
2023-04-03 10:27:02,998 django.utils.autoreload INFO     E:\Новая папка\Ugib\ugib\crud\views.py changed, reloading.
2023-04-03 10:27:03,744 django.utils.autoreload INFO     Watching for file changes with StatReloader
2023-04-03 10:27:04,968 crud.views   INFO     Load <class 'grr.models.UdsMetaGrrAccom'> page
2023-04-03 10:27:07,735 crud.views   INFO     Load <class 'grr.models.UdsMetaGrrStage'> page
2023-04-03 10:27:12,727 crud.views   INFO     Load <class 'crud.models.UdsMetaApr'> page
2023-04-03 10:27:40,157 crud.views   INFO     Load <class 'crud.models.UdsMeta'> page
2023-04-03 10:39:05,091 django.utils.autoreload INFO     Watching for file changes with StatReloader
2023-04-03 10:42:55,908 django.utils.autoreload INFO     E:\Новая папка\Ugib\ugib\crud\views.py changed, reloading.
2023-04-03 10:42:56,474 django.utils.autoreload INFO     Watching for file changes with StatReloader
2023-04-03 10:43:11,072 django.utils.autoreload INFO     E:\Новая папка\Ugib\ugib\crud\views.py changed, reloading.
2023-04-03 10:43:11,619 django.utils.autoreload INFO     Watching for file changes with StatReloader
2023-04-03 10:43:47,767 crud.views   INFO     Load <class 'crud.models.UdsMeta'> page
2023-04-03 10:43:56,312 crud.views   ERROR    When create unexpected error
2023-04-03 10:43:56,419 crud.views   INFO     Load <class 'crud.models.UdsMeta'> page
2023-04-03 10:44:19,702 django.utils.autoreload INFO     E:\Новая папка\Ugib\ugib\crud\views.py changed, reloading.
2023-04-03 10:44:20,313 django.utils.autoreload INFO     Watching for file changes with StatReloader
2023-04-03 10:46:34,442 django.utils.autoreload INFO     E:\Новая папка\Ugib\ugib\crud\views.py changed, reloading.
2023-04-03 10:46:35,089 django.utils.autoreload INFO     Watching for file changes with StatReloader
2023-04-03 10:46:38,600 crud.views   INFO     Load <class 'crud.models.UdsMeta'> page
2023-04-03 10:46:44,853 django.request ERROR    Internal Server Error: /
Traceback (most recent call last):
  File "E:\Новая папка\env\lib\site-packages\django\core\handlers\exception.py", line 55, in inner
    response = get_response(request)
  File "E:\Новая папка\env\lib\site-packages\django\core\handlers\base.py", line 197, in _get_response
    response = wrapped_callback(request, *callback_args, **callback_kwargs)
  File "E:\Новая папка\env\lib\site-packages\django\views\generic\base.py", line 103, in view
    return self.dispatch(request, *args, **kwargs)
  File "E:\Новая папка\env\lib\site-packages\django\views\generic\base.py", line 142, in dispatch
    return handler(request, *args, **kwargs)
  File "E:\Новая папка\Ugib\ugib\crud\views.py", line 469, in post
    with transaction.atomic:
AttributeError: __enter__
2023-04-03 10:47:08,264 django.utils.autoreload INFO     E:\Новая папка\Ugib\ugib\crud\views.py changed, reloading.
2023-04-03 10:47:08,866 django.utils.autoreload INFO     Watching for file changes with StatReloader
2023-04-03 10:47:10,312 crud.views   INFO     Load <class 'crud.models.UdsMeta'> page
2023-04-03 10:47:16,060 crud.views   INFO     Load <class 'crud.models.UdsMeta'> page
2023-04-03 10:47:22,865 crud.views   INFO     Load <class 'crud.models.UdsMeta'> page
2023-04-03 10:47:36,703 django.utils.autoreload INFO     E:\Новая папка\Ugib\ugib\crud\views.py changed, reloading.
2023-04-03 10:47:37,303 django.utils.autoreload INFO     Watching for file changes with StatReloader
2023-04-03 10:47:49,793 django.utils.autoreload INFO     E:\Новая папка\Ugib\ugib\crud\views.py changed, reloading.
2023-04-03 10:47:50,353 django.utils.autoreload INFO     Watching for file changes with StatReloader
2023-04-03 10:51:49,308 django.utils.autoreload INFO     E:\Новая папка\Ugib\ugib\crud\views.py changed, reloading.
2023-04-03 10:51:49,885 django.utils.autoreload INFO     Watching for file changes with StatReloader
2023-04-03 11:28:33,180 django.utils.autoreload INFO     E:\Новая папка\Ugib\ugib\crud\views.py changed, reloading.
2023-04-03 11:28:33,867 django.utils.autoreload INFO     Watching for file changes with StatReloader
2023-04-03 11:28:39,372 django.utils.autoreload INFO     E:\Новая папка\Ugib\ugib\crud\views.py changed, reloading.
2023-04-03 11:28:39,888 django.utils.autoreload INFO     Watching for file changes with StatReloader
2023-04-03 11:28:53,408 django.utils.autoreload INFO     E:\Новая папка\Ugib\ugib\crud\views.py changed, reloading.
2023-04-03 11:28:53,968 django.utils.autoreload INFO     Watching for file changes with StatReloader
2023-04-03 11:28:57,355 django.utils.autoreload INFO     E:\Новая папка\Ugib\ugib\crud\views.py changed, reloading.
2023-04-03 11:28:57,854 django.utils.autoreload INFO     Watching for file changes with StatReloader
2023-04-03 11:29:10,238 django.utils.autoreload INFO     E:\Новая папка\Ugib\ugib\crud\views.py changed, reloading.
2023-04-03 11:29:10,789 django.utils.autoreload INFO     Watching for file changes with StatReloader
2023-04-03 11:29:11,367 crud.views   INFO     Load <class 'crud.models.UdsMeta'> page
2023-04-03 12:01:07,265 crud.views   INFO     Load <class 'crud.models.UdsMeta'> page
2023-04-03 13:51:34,144 crud.views   INFO     Load <class 'crud.models.UdsMeta'> page
2023-04-03 13:51:34,994 django.request WARNING  Not Found: /favicon.ico
2023-04-03 13:52:18,500 django.utils.autoreload INFO     E:\Новая папка\Ugib\ugib\ugib\settings.py changed, reloading.
2023-04-03 13:52:19,212 django.utils.autoreload INFO     Watching for file changes with StatReloader
2023-04-03 13:52:20,161 crud.views   INFO     Load <class 'crud.models.UdsMeta'> page
2023-04-03 13:52:30,147 crud.views   INFO     Load <class 'crud.models.UdsMeta'> page
2023-04-03 14:10:05,957 crud.views   INFO     Load <class 'crud.models.UdsMeta'> page
2023-04-03 14:25:28,726 django.utils.autoreload INFO     E:\Новая папка\Ugib\ugib\crud\views.py changed, reloading.
2023-04-03 14:25:29,362 django.utils.autoreload INFO     Watching for file changes with StatReloader
